Build started 26/01/2015 14:23:00.
     1>Project "C:\Users\zf109\Dropbox\share\THE_MISSION\Task2cppVer\Task2cppVer\Task2cppVer.vcxproj" on node 2 (Build target(s)).
     1>ClCompile:
         C:\Program Files (x86)\Microsoft Visual Studio 12.0\VC\bin\CL.exe /c /ZI /nologo /W3 /WX- /sdl /Od /Oy- /D _MBCS /Gm /EHsc /RTC1 /MDd /GS /fp:precise /Zc:wchar_t /Zc:forScope /Fo"Debug\\" /Fd"Debug\vc120.pdb" /Gd /TP /analyze- /errorReport:prompt Cursor.cpp SquareWave.cpp main.cpp
         main.cpp
         Generating Code...
         Compiling...
         SquareWave.cpp
         Cursor.cpp
     1>c:\users\zf109\dropbox\share\the_mission\task2cppver\task2cppver\cursor.cpp(134): warning C4244: 'argument' : conversion from 'double' to 'int', possible loss of data
     1>c:\users\zf109\dropbox\share\the_mission\task2cppver\task2cppver\cursor.cpp(126): warning C4101: 'numIncreaseInNorm' : unreferenced local variable
     1>c:\users\zf109\dropbox\share\the_mission\task2cppver\task2cppver\cursor.cpp(167): warning C4554: '&' : check operator precedence for possible error; use parentheses to clarify precedence
     1>c:\users\zf109\dropbox\share\the_mission\task2cppver\task2cppver\cursor.cpp(177): warning C4244: '=' : conversion from 'double' to 'int', possible loss of data
     1>c:\users\zf109\dropbox\share\the_mission\task2cppver\task2cppver\cursor.cpp(190): warning C4554: '&' : check operator precedence for possible error; use parentheses to clarify precedence
     1>c:\users\zf109\dropbox\share\the_mission\task2cppver\task2cppver\cursor.cpp(192): warning C4244: 'initializing' : conversion from 'double' to 'int', possible loss of data
     1>c:\users\zf109\dropbox\share\the_mission\task2cppver\task2cppver\cursor.cpp(201): warning C4554: '&' : check operator precedence for possible error; use parentheses to clarify precedence
     1>c:\users\zf109\dropbox\share\the_mission\task2cppver\task2cppver\cursor.cpp(203): warning C4244: 'initializing' : conversion from 'double' to 'int', possible loss of data
     1>c:\users\zf109\dropbox\share\the_mission\task2cppver\task2cppver\cursor.cpp(238): warning C4554: '&' : check operator precedence for possible error; use parentheses to clarify precedence
     1>c:\users\zf109\dropbox\share\the_mission\task2cppver\task2cppver\cursor.cpp(240): warning C4554: '&' : check operator precedence for possible error; use parentheses to clarify precedence
     1>c:\users\zf109\dropbox\share\the_mission\task2cppver\task2cppver\cursor.cpp(242): warning C4554: '&' : check operator precedence for possible error; use parentheses to clarify precedence
     1>c:\users\zf109\dropbox\share\the_mission\task2cppver\task2cppver\cursor.cpp(244): warning C4554: '&' : check operator precedence for possible error; use parentheses to clarify precedence
     1>c:\users\zf109\dropbox\share\the_mission\task2cppver\task2cppver\cursor.cpp(248): warning C4554: '&' : check operator precedence for possible error; use parentheses to clarify precedence
     1>c:\users\zf109\dropbox\share\the_mission\task2cppver\task2cppver\cursor.cpp(250): warning C4554: '&' : check operator precedence for possible error; use parentheses to clarify precedence
     1>c:\users\zf109\dropbox\share\the_mission\task2cppver\task2cppver\cursor.cpp(252): warning C4554: '&' : check operator precedence for possible error; use parentheses to clarify precedence
     1>c:\users\zf109\dropbox\share\the_mission\task2cppver\task2cppver\cursor.cpp(254): warning C4554: '&' : check operator precedence for possible error; use parentheses to clarify precedence
     1>c:\users\zf109\dropbox\share\the_mission\task2cppver\task2cppver\cursor.cpp(258): warning C4554: '&' : check operator precedence for possible error; use parentheses to clarify precedence
     1>c:\users\zf109\dropbox\share\the_mission\task2cppver\task2cppver\cursor.cpp(331): warning C4554: '|' : check operator precedence for possible error; use parentheses to clarify precedence
         Generating Code...
       Link:
         C:\Program Files (x86)\Microsoft Visual Studio 12.0\VC\bin\link.exe /ERRORREPORT:PROMPT /OUT:"C:\Users\zf109\Dropbox\share\THE_MISSION\Task2cppVer\Debug\Task2cppVer.exe" /INCREMENTAL /NOLOGO kernel32.lib user32.lib gdi32.lib winspool.lib comdlg32.lib advapi32.lib shell32.lib ole32.lib oleaut32.lib uuid.lib odbc32.lib odbccp32.lib /MANIFEST /MANIFESTUAC:"level='asInvoker' uiAccess='false'" /manifest:embed /DEBUG /PDB:"C:\Users\zf109\Dropbox\share\THE_MISSION\Task2cppVer\Debug\Task2cppVer.pdb" /TLBID:1 /DYNAMICBASE /NXCOMPAT /IMPLIB:"C:\Users\zf109\Dropbox\share\THE_MISSION\Task2cppVer\Debug\Task2cppVer.lib" /MACHINE:X86 Debug\Cursor.obj
         Debug\main.obj
         Debug\SquareWave.obj
         Debug\VirtualMachine.obj
         Task2cppVer.vcxproj -> C:\Users\zf109\Dropbox\share\THE_MISSION\Task2cppVer\Debug\Task2cppVer.exe
     1>Done Building Project "C:\Users\zf109\Dropbox\share\THE_MISSION\Task2cppVer\Task2cppVer\Task2cppVer.vcxproj" (Build target(s)).

Build succeeded.

Time Elapsed 00:00:02.38
